[     159ms] [LOG] [Fast Refresh] rebuilding @ http://localhost:3000/_next/static/chunks/0-su_next_dist_0-15a_l._.js:2477
[    1458ms] [LOG] [Fast Refresh] done in 1400ms @ http://localhost:3000/_next/static/chunks/0-su_next_dist_0-15a_l._.js:2477
[    3062ms] [INFO] %cDownload the React DevTools for a better development experience: https://react.dev/link/react-devtools font-weight:bold @ http://localhost:3000/_next/static/chunks/0-su_next_dist_0-15a_l._.js:2477
[    3077ms] [LOG] [HMR] connected @ http://localhost:3000/_next/static/chunks/0-su_next_dist_0-15a_l._.js:2477
[   21918ms] Error: Element type is invalid: expected a string (for built-in components) or a class/function (for composite components) but got: undefined. You likely forgot to export your component from the file it's defined in, or you might have mixed up default and named imports.

Check the render method of `MarginTab`.
    at createFiberFromTypeAndProps (http://localhost:3000/_next/static/chunks/0-su_next_dist_compiled_react-dom_0edytdo._.js:3167:32)
    at createFiberFromElement (http://localhost:3000/_next/static/chunks/0-su_next_dist_compiled_react-dom_0edytdo._.js:3178:16)
    at createChild (http://localhost:3000/_next/static/chunks/0-su_next_dist_compiled_react-dom_0edytdo._.js:4016:40)
    at reconcileChildrenArray (http://localhost:3000/_next/static/chunks/0-su_next_dist_compiled_react-dom_0edytdo._.js:4129:72)
    at reconcileChildFibersImpl (http://localhost:3000/_next/static/chunks/0-su_next_dist_compiled_react-dom_0edytdo._.js:4236:51)
    at http://localhost:3000/_next/static/chunks/0-su_next_dist_compiled_react-dom_0edytdo._.js:4261:39
    at reconcileChildren (http://localhost:3000/_next/static/chunks/0-su_next_dist_compiled_react-dom_0edytdo._.js:5898:51)
    at beginWork (http://localhost:3000/_next/static/chunks/0-su_next_dist_compiled_react-dom_0edytdo._.js:6758:1573)
    at runWithFiberInDEV (http://localhost:3000/_next/static/chunks/0-su_next_dist_compiled_react-dom_0edytdo._.js:965:74)
    at performUnitOfWork (http://localhost:3000/_next/static/chunks/0-su_next_dist_compiled_react-dom_0edytdo._.js:9555:97)
    at workLoopSync (http://localhost:3000/_next/static/chunks/0-su_next_dist_compiled_react-dom_0edytdo._.js:9449:40)
    at renderRootSync (http://localhost:3000/_next/static/chunks/0-su_next_dist_compiled_react-dom_0edytdo._.js:9433:13)
    at performWorkOnRoot (http://localhost:3000/_next/static/chunks/0-su_next_dist_compiled_react-dom_0edytdo._.js:9098:47)
    at performSyncWorkOnRoot (http://localhost:3000/_next/static/chunks/0-su_next_dist_compiled_react-dom_0edytdo._.js:10263:9)
    at flushSyncWorkAcrossRoots_impl (http://localhost:3000/_next/static/chunks/0-su_next_dist_compiled_react-dom_0edytdo._.js:10179:316)
    at processRootScheduleInMicrotask (http://localhost:3000/_next/static/chunks/0-su_next_dist_compiled_react-dom_0edytdo._.js:10200:106)
    at http://localhost:3000/_next/static/chunks/0-su_next_dist_compiled_react-dom_0edytdo._.js:10274:158
[   22141ms] [LOG] [Fast Refresh] rebuilding @ http://localhost:3000/_next/static/chunks/0-su_next_dist_0-15a_l._.js:2477
[   22204ms] [LOG] [Fast Refresh] done in 163ms @ http://localhost:3000/_next/static/chunks/0-su_next_dist_0-15a_l._.js:2477
[  200893ms] [ERROR] WebSocket connection to 'ws://localhost:3000/_next/webpack-hmr?id=TrhvKuACx7IDW3Qo_uwZl' failed: Error in connection establishment: net::ERR_CONNECTION_REFUSED @ http://localhost:3000/_next/static/chunks/0-su_next_dist_client_01hn_69._.js:13322
[  207123ms] [LOG] [HMR] connected @ http://localhost:3000/_next/static/chunks/0-su_next_dist_0-15a_l._.js:2477
[  217725ms] [INFO] %cDownload the React DevTools for a better development experience: https://react.dev/link/react-devtools font-weight:bold @ http://localhost:3000/_next/static/chunks/0-su_next_dist_0-15a_l._.js:2477
[  217777ms] [LOG] [HMR] connected @ http://localhost:3000/_next/static/chunks/0-su_next_dist_0-15a_l._.js:2477
[  217910ms] [LOG] [Fast Refresh] rebuilding @ http://localhost:3000/_next/static/chunks/0-su_next_dist_0-15a_l._.js:2477
[  217955ms] [LOG] [Fast Refresh] done in 146ms @ http://localhost:3000/_next/static/chunks/0-su_next_dist_0-15a_l._.js:2477
[  234078ms] [ERROR] WebSocket connection to 'ws://localhost:3000/_next/webpack-hmr?id=Fbpb6tr_ggMPVC-hGEjTT' failed:  @ http://localhost:3000/_next/static/chunks/0-su_next_dist_client_01hn_69._.js:13322
[  235135ms] [LOG] [HMR] connected @ http://localhost:3000/_next/static/chunks/0-su_next_dist_0-15a_l._.js:2477
[  254233ms] [LOG] [Fast Refresh] rebuilding @ http://localhost:3000/_next/static/chunks/0-su_next_dist_0-15a_l._.js:2477
[  254509ms] [LOG] [Fast Refresh] done in 378ms @ http://localhost:3000/_next/static/chunks/0-su_next_dist_0-15a_l._.js:2477
[  277897ms] [ERROR] WebSocket connection to 'ws://localhost:3000/_next/webpack-hmr?id=Fbpb6tr_ggMPVC-hGEjTT' failed:  @ http://localhost:3000/_next/static/chunks/0-su_next_dist_client_01hn_69._.js:13322
[  278911ms] [ERROR] WebSocket connection to 'ws://localhost:3000/_next/webpack-hmr?id=Fbpb6tr_ggMPVC-hGEjTT' failed: Error in connection establishment: net::ERR_CONNECTION_REFUSED @ http://localhost:3000/_next/static/chunks/0-su_next_dist_client_01hn_69._.js:13322
[  279916ms] [ERROR] WebSocket connection to 'ws://localhost:3000/_next/webpack-hmr?id=Fbpb6tr_ggMPVC-hGEjTT' failed: Error in connection establishment: net::ERR_CONNECTION_REFUSED @ http://localhost:3000/_next/static/chunks/0-su_next_dist_client_01hn_69._.js:13322
[  280920ms] [ERROR] WebSocket connection to 'ws://localhost:3000/_next/webpack-hmr?id=Fbpb6tr_ggMPVC-hGEjTT' failed: Error in connection establishment: net::ERR_CONNECTION_REFUSED @ http://localhost:3000/_next/static/chunks/0-su_next_dist_client_01hn_69._.js:13322
[  281925ms] [ERROR] WebSocket connection to 'ws://localhost:3000/_next/webpack-hmr?id=Fbpb6tr_ggMPVC-hGEjTT' failed: Error in connection establishment: net::ERR_CONNECTION_REFUSED @ http://localhost:3000/_next/static/chunks/0-su_next_dist_client_01hn_69._.js:13322
[  282930ms] [ERROR] WebSocket connection to 'ws://localhost:3000/_next/webpack-hmr?id=Fbpb6tr_ggMPVC-hGEjTT' failed: Error in connection establishment: net::ERR_CONNECTION_REFUSED @ http://localhost:3000/_next/static/chunks/0-su_next_dist_client_01hn_69._.js:13322
[  287936ms] [ERROR] WebSocket connection to 'ws://localhost:3000/_next/webpack-hmr?id=Fbpb6tr_ggMPVC-hGEjTT' failed: Error in connection establishment: net::ERR_CONNECTION_REFUSED @ http://localhost:3000/_next/static/chunks/0-su_next_dist_client_01hn_69._.js:13322
[  292941ms] [ERROR] WebSocket connection to 'ws://localhost:3000/_next/webpack-hmr?id=Fbpb6tr_ggMPVC-hGEjTT' failed: Error in connection establishment: net::ERR_CONNECTION_REFUSED @ http://localhost:3000/_next/static/chunks/0-su_next_dist_client_01hn_69._.js:13322
[  298454ms] [LOG] [HMR] connected @ http://localhost:3000/_next/static/chunks/0-su_next_dist_0-15a_l._.js:2477
[  301178ms] [INFO] %cDownload the React DevTools for a better development experience: https://react.dev/link/react-devtools font-weight:bold @ http://localhost:3000/_next/static/chunks/0-su_next_dist_0-15a_l._.js:2477
[  301220ms] [LOG] [HMR] connected @ http://localhost:3000/_next/static/chunks/0-su_next_dist_0-15a_l._.js:2477
[  313607ms] [LOG] [Fast Refresh] rebuilding @ http://localhost:3000/_next/static/chunks/0-su_next_dist_0-15a_l._.js:2477
[  313627ms] [LOG] [Fast Refresh] done in 122ms @ http://localhost:3000/_next/static/chunks/0-su_next_dist_0-15a_l._.js:2477
