[     765ms] [INFO] %cDownload the React DevTools for a better development experience: https://react.dev/link/react-devtools font-weight:bold @ http://localhost:3000/_next/static/chunks/0-su_next_dist_0-15a_l._.js:2477
[     786ms] [LOG] [HMR] connected @ http://localhost:3000/_next/static/chunks/0-su_next_dist_0-15a_l._.js:2477
[     916ms] [LOG] [Fast Refresh] rebuilding @ http://localhost:3000/_next/static/chunks/0-su_next_dist_0-15a_l._.js:2477
[    1000ms] [LOG] [Fast Refresh] done in 184ms @ http://localhost:3000/_next/static/chunks/0-su_next_dist_0-15a_l._.js:2477
[    1565ms] [LOG] [Fast Refresh] rebuilding @ http://localhost:3000/_next/static/chunks/0-su_next_dist_0-15a_l._.js:2477
[    1578ms] [LOG] [Fast Refresh] done in 114ms @ http://localhost:3000/_next/static/chunks/0-su_next_dist_0-15a_l._.js:2477
[    6648ms] Error: Element type is invalid: expected a string (for built-in components) or a class/function (for composite components) but got: undefined. You likely forgot to export your component from the file it's defined in, or you might have mixed up default and named imports.

Check the render method of `MarginTab`.
    at createFiberFromTypeAndProps (http://localhost:3000/_next/static/chunks/0-su_next_dist_compiled_react-dom_0edytdo._.js:3167:32)
    at createFiberFromElement (http://localhost:3000/_next/static/chunks/0-su_next_dist_compiled_react-dom_0edytdo._.js:3178:16)
    at createChild (http://localhost:3000/_next/static/chunks/0-su_next_dist_compiled_react-dom_0edytdo._.js:4016:40)
    at reconcileChildrenArray (http://localhost:3000/_next/static/chunks/0-su_next_dist_compiled_react-dom_0edytdo._.js:4129:72)
    at reconcileChildFibersImpl (http://localhost:3000/_next/static/chunks/0-su_next_dist_compiled_react-dom_0edytdo._.js:4236:51)
    at http://localhost:3000/_next/static/chunks/0-su_next_dist_compiled_react-dom_0edytdo._.js:4261:39
    at reconcileChildren (http://localhost:3000/_next/static/chunks/0-su_next_dist_compiled_react-dom_0edytdo._.js:5898:51)
    at beginWork (http://localhost:3000/_next/static/chunks/0-su_next_dist_compiled_react-dom_0edytdo._.js:6758:1573)
    at runWithFiberInDEV (http://localhost:3000/_next/static/chunks/0-su_next_dist_compiled_react-dom_0edytdo._.js:965:74)
    at performUnitOfWork (http://localhost:3000/_next/static/chunks/0-su_next_dist_compiled_react-dom_0edytdo._.js:9555:97)
    at workLoopSync (http://localhost:3000/_next/static/chunks/0-su_next_dist_compiled_react-dom_0edytdo._.js:9449:40)
    at renderRootSync (http://localhost:3000/_next/static/chunks/0-su_next_dist_compiled_react-dom_0edytdo._.js:9433:13)
    at performWorkOnRoot (http://localhost:3000/_next/static/chunks/0-su_next_dist_compiled_react-dom_0edytdo._.js:9098:47)
    at performSyncWorkOnRoot (http://localhost:3000/_next/static/chunks/0-su_next_dist_compiled_react-dom_0edytdo._.js:10263:9)
    at flushSyncWorkAcrossRoots_impl (http://localhost:3000/_next/static/chunks/0-su_next_dist_compiled_react-dom_0edytdo._.js:10179:316)
    at processRootScheduleInMicrotask (http://localhost:3000/_next/static/chunks/0-su_next_dist_compiled_react-dom_0edytdo._.js:10200:106)
    at http://localhost:3000/_next/static/chunks/0-su_next_dist_compiled_react-dom_0edytdo._.js:10274:158
[    6821ms] [LOG] [Fast Refresh] rebuilding @ http://localhost:3000/_next/static/chunks/0-su_next_dist_0-15a_l._.js:2477
[    6847ms] [LOG] [Fast Refresh] done in 126ms @ http://localhost:3000/_next/static/chunks/0-su_next_dist_0-15a_l._.js:2477
[    7967ms] [LOG] [Fast Refresh] rebuilding @ http://localhost:3000/_next/static/chunks/0-su_next_dist_0-15a_l._.js:2477
[    8045ms] [LOG] [Fast Refresh] done in 179ms @ http://localhost:3000/_next/static/chunks/0-su_next_dist_0-15a_l._.js:2477
[  244804ms] [LOG] [Fast Refresh] rebuilding @ http://localhost:3000/_next/static/chunks/0-su_next_dist_0-15a_l._.js:2477
[  245215ms] [LOG] [Fast Refresh] done in 516ms @ http://localhost:3000/_next/static/chunks/0-su_next_dist_0-15a_l._.js:2477
[  245437ms] [LOG] [Fast Refresh] rebuilding @ http://localhost:3000/_next/static/chunks/0-su_next_dist_0-15a_l._.js:2477
[  245794ms] [LOG] [Fast Refresh] done in 458ms @ http://localhost:3000/_next/static/chunks/0-su_next_dist_0-15a_l._.js:2477
[  246427ms] [INFO] %cDownload the React DevTools for a better development experience: https://react.dev/link/react-devtools font-weight:bold @ http://localhost:3000/_next/static/chunks/0-su_next_dist_0-15a_l._.js:2477
[  246457ms] [LOG] [HMR] connected @ http://localhost:3000/_next/static/chunks/0-su_next_dist_0-15a_l._.js:2477
