[     729ms] [INFO] %cDownload the React DevTools for a better development experience: https://react.dev/link/react-devtools font-weight:bold @ http://localhost:3000/_next/static/chunks/0-su_next_dist_0-15a_l._.js:2477
[     736ms] [LOG] [HMR] connected @ http://localhost:3000/_next/static/chunks/0-su_next_dist_0-15a_l._.js:2477
[     893ms] [LOG] [Fast Refresh] rebuilding @ http://localhost:3000/_next/static/chunks/0-su_next_dist_0-15a_l._.js:2477
[    1694ms] [LOG] [Fast Refresh] done in 902ms @ http://localhost:3000/_next/static/chunks/0-su_next_dist_0-15a_l._.js:2477
[   14966ms] Error: Element type is invalid: expected a string (for built-in components) or a class/function (for composite components) but got: undefined. You likely forgot to export your component from the file it's defined in, or you might have mixed up default and named imports.

Check the render method of `MarginTab`.
    at createFiberFromTypeAndProps (http://localhost:3000/_next/static/chunks/0-su_next_dist_compiled_react-dom_0edytdo._.js:3167:32)
    at createFiberFromElement (http://localhost:3000/_next/static/chunks/0-su_next_dist_compiled_react-dom_0edytdo._.js:3178:16)
    at createChild (http://localhost:3000/_next/static/chunks/0-su_next_dist_compiled_react-dom_0edytdo._.js:4016:40)
    at reconcileChildrenArray (http://localhost:3000/_next/static/chunks/0-su_next_dist_compiled_react-dom_0edytdo._.js:4129:72)
    at reconcileChildFibersImpl (http://localhost:3000/_next/static/chunks/0-su_next_dist_compiled_react-dom_0edytdo._.js:4236:51)
    at http://localhost:3000/_next/static/chunks/0-su_next_dist_compiled_react-dom_0edytdo._.js:4261:39
    at reconcileChildren (http://localhost:3000/_next/static/chunks/0-su_next_dist_compiled_react-dom_0edytdo._.js:5898:51)
    at beginWork (http://localhost:3000/_next/static/chunks/0-su_next_dist_compiled_react-dom_0edytdo._.js:6758:1573)
    at runWithFiberInDEV (http://localhost:3000/_next/static/chunks/0-su_next_dist_compiled_react-dom_0edytdo._.js:965:74)
    at performUnitOfWork (http://localhost:3000/_next/static/chunks/0-su_next_dist_compiled_react-dom_0edytdo._.js:9555:97)
    at workLoopSync (http://localhost:3000/_next/static/chunks/0-su_next_dist_compiled_react-dom_0edytdo._.js:9449:40)
    at renderRootSync (http://localhost:3000/_next/static/chunks/0-su_next_dist_compiled_react-dom_0edytdo._.js:9433:13)
    at performWorkOnRoot (http://localhost:3000/_next/static/chunks/0-su_next_dist_compiled_react-dom_0edytdo._.js:9098:47)
    at performSyncWorkOnRoot (http://localhost:3000/_next/static/chunks/0-su_next_dist_compiled_react-dom_0edytdo._.js:10263:9)
    at flushSyncWorkAcrossRoots_impl (http://localhost:3000/_next/static/chunks/0-su_next_dist_compiled_react-dom_0edytdo._.js:10179:316)
    at processRootScheduleInMicrotask (http://localhost:3000/_next/static/chunks/0-su_next_dist_compiled_react-dom_0edytdo._.js:10200:106)
    at http://localhost:3000/_next/static/chunks/0-su_next_dist_compiled_react-dom_0edytdo._.js:10274:158
[   15126ms] [LOG] [Fast Refresh] rebuilding @ http://localhost:3000/_next/static/chunks/0-su_next_dist_0-15a_l._.js:2477
[   15190ms] [LOG] [Fast Refresh] done in 166ms @ http://localhost:3000/_next/static/chunks/0-su_next_dist_0-15a_l._.js:2477
[   16196ms] [LOG] [Fast Refresh] rebuilding @ http://localhost:3000/_next/static/chunks/0-su_next_dist_0-15a_l._.js:2477
[   16291ms] [LOG] [Fast Refresh] done in 197ms @ http://localhost:3000/_next/static/chunks/0-su_next_dist_0-15a_l._.js:2477
[   57537ms] [ERROR] WebSocket connection to 'ws://localhost:3000/_next/webpack-hmr?id=rcAOkfALKowDrVN-hDEqe' failed:  @ http://localhost:3000/_next/static/chunks/0-su_next_dist_client_01hn_69._.js:13322
[   58700ms] [ERROR] WebSocket connection to 'ws://localhost:3000/_next/webpack-hmr?id=rcAOkfALKowDrVN-hDEqe' failed: Error in connection establishment: net::ERR_CONNECTION_REFUSED @ http://localhost:3000/_next/static/chunks/0-su_next_dist_client_01hn_69._.js:13322
[   59702ms] [ERROR] WebSocket connection to 'ws://localhost:3000/_next/webpack-hmr?id=rcAOkfALKowDrVN-hDEqe' failed: Error in connection establishment: net::ERR_CONNECTION_REFUSED @ http://localhost:3000/_next/static/chunks/0-su_next_dist_client_01hn_69._.js:13322
[   60704ms] [ERROR] WebSocket connection to 'ws://localhost:3000/_next/webpack-hmr?id=rcAOkfALKowDrVN-hDEqe' failed: Error in connection establishment: net::ERR_CONNECTION_REFUSED @ http://localhost:3000/_next/static/chunks/0-su_next_dist_client_01hn_69._.js:13322
[   61708ms] [ERROR] WebSocket connection to 'ws://localhost:3000/_next/webpack-hmr?id=rcAOkfALKowDrVN-hDEqe' failed: Error in connection establishment: net::ERR_CONNECTION_REFUSED @ http://localhost:3000/_next/static/chunks/0-su_next_dist_client_01hn_69._.js:13322
[   62711ms] [ERROR] WebSocket connection to 'ws://localhost:3000/_next/webpack-hmr?id=rcAOkfALKowDrVN-hDEqe' failed: Error in connection establishment: net::ERR_CONNECTION_REFUSED @ http://localhost:3000/_next/static/chunks/0-su_next_dist_client_01hn_69._.js:13322
[   67720ms] [ERROR] WebSocket connection to 'ws://localhost:3000/_next/webpack-hmr?id=rcAOkfALKowDrVN-hDEqe' failed: Error in connection establishment: net::ERR_CONNECTION_REFUSED @ http://localhost:3000/_next/static/chunks/0-su_next_dist_client_01hn_69._.js:13322
[   72735ms] [ERROR] WebSocket connection to 'ws://localhost:3000/_next/webpack-hmr?id=rcAOkfALKowDrVN-hDEqe' failed: Error in connection establishment: net::ERR_CONNECTION_REFUSED @ http://localhost:3000/_next/static/chunks/0-su_next_dist_client_01hn_69._.js:13322
[   77761ms] [ERROR] WebSocket connection to 'ws://localhost:3000/_next/webpack-hmr?id=rcAOkfALKowDrVN-hDEqe' failed: Error in connection establishment: net::ERR_CONNECTION_REFUSED @ http://localhost:3000/_next/static/chunks/0-su_next_dist_client_01hn_69._.js:13322
[   82776ms] [ERROR] WebSocket connection to 'ws://localhost:3000/_next/webpack-hmr?id=rcAOkfALKowDrVN-hDEqe' failed: Error in connection establishment: net::ERR_CONNECTION_REFUSED @ http://localhost:3000/_next/static/chunks/0-su_next_dist_client_01hn_69._.js:13322
[   87852ms] [LOG] [HMR] connected @ http://localhost:3000/_next/static/chunks/0-su_next_dist_0-15a_l._.js:2477
[   94863ms] [INFO] %cDownload the React DevTools for a better development experience: https://react.dev/link/react-devtools font-weight:bold @ http://localhost:3000/_next/static/chunks/0-su_next_dist_0-15a_l._.js:2477
[   95267ms] [LOG] [HMR] connected @ http://localhost:3000/_next/static/chunks/0-su_next_dist_0-15a_l._.js:2477
[   95547ms] [LOG] [Fast Refresh] rebuilding @ http://localhost:3000/_next/static/chunks/0-su_next_dist_0-15a_l._.js:2477
[   95979ms] [LOG] [Fast Refresh] done in 561ms @ http://localhost:3000/_next/static/chunks/0-su_next_dist_0-15a_l._.js:2477
